<?xml version="1.0" encoding="UTF-8"?>
<!-- Generated by org.testng.reporters.JUnitReportReporter -->
<testsuite hostname="BLRCND52001551" failures="0" tests="2" name="com.qa.keyword.test.LoginTest" time="97.735" errors="0" timestamp="30 Apr 2020 17:16:13 GMT" skipped="0">
  <testcase classname="com.qa.keyword.test.LoginTest" name="loginTest1" time="80.284"/>
  <testcase classname="com.qa.keyword.test.LoginTest" name="signupTest" time="17.451"/>
</testsuite> <!-- com.qa.keyword.test.LoginTest -->
